<?xml version="1.0" encoding="UTF-8"?>
<!-- Generated by org.testng.reporters.JUnitXMLReporter -->
<testsuite ignored="2" hostname="L00180" failures="0" tests="5" name="Command line test" time="116.108" errors="0" timestamp="2024-12-01T21:25:48 GMT">
  <testcase classname="dayForceTests.LoginPageTests" name="testAccountLogin" time="12.731"/>
  <testcase classname="dayForceTests.LoginPageTests" name="testNavigateToHomePage" time="18.115"/>
  <testcase classname="dayForceTests.HomePageTests" name="testHamburgerToOpenSideMenu" time="0.146"/>
  <testcase classname="dayForceTests.timeSchedulesAutomation.TimeScheduleTests" name="testLoadOrganisation" time="14.51"/>
  <testcase classname="dayForceTests.timeSchedulesAutomation.TimeScheduleTests" name="verifyDayOfWeekMatchesTitle" time="64.271"/>
  <testcase classname="dayForceTests.BaseTest" name="@AfterSuite tearDownAfterSuite" time="0.0">
    <ignored/>
  </testcase> <!-- @AfterSuite tearDownAfterSuite -->
  <testcase classname="dayForceTests.BaseTest" name="@AfterSuite tearDownAfterSuite" time="0.0">
    <ignored/>
  </testcase> <!-- @AfterSuite tearDownAfterSuite -->
</testsuite> <!-- Command line test -->
