<?xml version="1.0" encoding="UTF-8"?>
<!-- Generated by org.testng.reporters.JUnitXMLReporter -->
<testsuite ignored="2" hostname="L00180" failures="0" tests="6" name="Command line test" time="82.874" errors="0" timestamp="2024-12-10T22:35:53 GMT">
  <testcase classname="dayForceTests.LoginPageTests" name="testAccountLogin" time="5.425"/>
  <testcase classname="dayForceTests.LoginPageTests" name="testNavigateToHomePage" time="10.683"/>
  <testcase classname="dayForceTests.HomePageTests" name="testHamburgerToOpenSideMenu" time="0.219"/>
  <testcase classname="dayForceTests.timeSchedulesAutomation.TimeScheduleTests" name="testDragAndDropShift" time="0.0"/>
  <testcase classname="dayForceTests.timeSchedulesAutomation.TimeScheduleTests" name="testLoadOrganisation" time="15.351"/>
  <testcase classname="dayForceTests.timeSchedulesAutomation.TimeScheduleTests" name="verifyDayOfWeekMatchesTitle" time="44.94"/>
  <testcase classname="dayForceTests.BaseTest" name="@AfterSuite tearDownAfterSuite" time="0.0">
    <ignored/>
  </testcase> <!-- @AfterSuite tearDownAfterSuite -->
  <testcase classname="dayForceTests.BaseTest" name="@AfterSuite tearDownAfterSuite" time="0.0">
    <ignored/>
  </testcase> <!-- @AfterSuite tearDownAfterSuite -->
</testsuite> <!-- Command line test -->
