<?xml version="1.0" encoding="UTF-8"?>
<testng-results ignored="0" total="6" passed="6" failed="0" skipped="0">
  <reporter-output>
  </reporter-output>
  <suite started-at="2024-12-17T23:26:26 GMT" name="Command line suite" finished-at="2024-12-17T23:27:06 GMT" duration-ms="40073">
    <groups>
    </groups>
    <test started-at="2024-12-17T23:26:26 GMT" name="Command line test" finished-at="2024-12-17T23:27:06 GMT" duration-ms="40073">
      <class name="dayForceTests.timeSchedulesAutomation.TimeScheduleTests">
        <test-method is-config="true" signature="springTestContextBeforeTestClass()[pri:0, instance:dayForceTests.timeSchedulesAutomation.TimeScheduleTests@6d2d99fc]" started-at="2024-12-17T23:26:45 GMT" name="springTestContextBeforeTestClass" finished-at="2024-12-17T23:26:45 GMT" duration-ms="1" status="PASS">
          <reporter-output>
          </reporter-output>
        </test-method> <!-- springTestContextBeforeTestClass -->
        <test-method is-config="true" signature="springTestContextPrepareTestInstance()[pri:0, instance:dayForceTests.timeSchedulesAutomation.TimeScheduleTests@6d2d99fc]" started-at="2024-12-17T23:26:45 GMT" name="springTestContextPrepareTestInstance" finished-at="2024-12-17T23:26:45 GMT" depends-on-methods="org.springframework.test.context.testng.AbstractTestNGSpringContextTests.springTestContextBeforeTestClass" duration-ms="3" status="PASS">
          <reporter-output>
          </reporter-output>
        </test-method> <!-- springTestContextPrepareTestInstance -->
        <test-method is-config="true" signature="springTestContextBeforeTestMethod(java.lang.reflect.Method)[pri:0, instance:dayForceTests.timeSchedulesAutomation.TimeScheduleTests@6d2d99fc]" started-at="2024-12-17T23:26:45 GMT" name="springTestContextBeforeTestMethod" finished-at="2024-12-17T23:26:45 GMT" duration-ms="1" status="PASS">
          <params>
            <param index="0">
              <value>
                <![CDATA[public void dayForceTests.timeSchedulesAutomation.TimeScheduleTests.testDragAndDropShift()]]>
              </value>
            </param>
          </params>
          <reporter-output>
          </reporter-output>
        </test-method> <!-- springTestContextBeforeTestMethod -->
        <test-method is-config="true" signature="setUpOnceForSuite()[pri:0, instance:dayForceTests.timeSchedulesAutomation.TimeScheduleTests@6d2d99fc]" started-at="2024-12-17T23:26:45 GMT" name="setUpOnceForSuite" finished-at="2024-12-17T23:26:45 GMT" duration-ms="1" status="PASS">
          <reporter-output>
          </reporter-output>
        </test-method> <!-- setUpOnceForSuite -->
        <test-method signature="testDragAndDropShift()[pri:0, instance:dayForceTests.timeSchedulesAutomation.TimeScheduleTests@6d2d99fc]" started-at="2024-12-17T23:26:45 GMT" name="testDragAndDropShift" finished-at="2024-12-17T23:26:45 GMT" duration-ms="0" status="PASS">
          <reporter-output>
          </reporter-output>
        </test-method> <!-- testDragAndDropShift -->
        <test-method is-config="true" signature="springTestContextAfterTestMethod(java.lang.reflect.Method)[pri:0, instance:dayForceTests.timeSchedulesAutomation.TimeScheduleTests@6d2d99fc]" started-at="2024-12-17T23:26:45 GMT" name="springTestContextAfterTestMethod" finished-at="2024-12-17T23:26:45 GMT" duration-ms="1" status="PASS">
          <params>
            <param index="0">
              <value>
                <![CDATA[public void dayForceTests.timeSchedulesAutomation.TimeScheduleTests.testDragAndDropShift()]]>
              </value>
            </param>
          </params>
          <reporter-output>
          </reporter-output>
        </test-method> <!-- springTestContextAfterTestMethod -->
        <test-method is-config="true" signature="springTestContextBeforeTestMethod(java.lang.reflect.Method)[pri:0, instance:dayForceTests.timeSchedulesAutomation.TimeScheduleTests@6d2d99fc]" started-at="2024-12-17T23:26:45 GMT" name="springTestContextBeforeTestMethod" finished-at="2024-12-17T23:26:45 GMT" duration-ms="1" status="PASS">
          <params>
            <param index="0">
              <value>
                <![CDATA[public void dayForceTests.timeSchedulesAutomation.TimeScheduleTests.testLoadOrganisation() throws java.lang.InterruptedException]]>
              </value>
            </param>
          </params>
          <reporter-output>
          </reporter-output>
        </test-method> <!-- springTestContextBeforeTestMethod -->
        <test-method is-config="true" signature="setUpOnceForSuite()[pri:0, instance:dayForceTests.timeSchedulesAutomation.TimeScheduleTests@6d2d99fc]" started-at="2024-12-17T23:26:45 GMT" name="setUpOnceForSuite" finished-at="2024-12-17T23:26:45 GMT" duration-ms="2" status="PASS">
          <reporter-output>
          </reporter-output>
        </test-method> <!-- setUpOnceForSuite -->
        <test-method signature="testLoadOrganisation()[pri:0, instance:dayForceTests.timeSchedulesAutomation.TimeScheduleTests@6d2d99fc]" started-at="2024-12-17T23:26:45 GMT" name="testLoadOrganisation" finished-at="2024-12-17T23:27:03 GMT" duration-ms="18638" status="PASS">
          <reporter-output>
          </reporter-output>
        </test-method> <!-- testLoadOrganisation -->
        <test-method is-config="true" signature="springTestContextAfterTestMethod(java.lang.reflect.Method)[pri:0, instance:dayForceTests.timeSchedulesAutomation.TimeScheduleTests@6d2d99fc]" started-at="2024-12-17T23:27:03 GMT" name="springTestContextAfterTestMethod" finished-at="2024-12-17T23:27:03 GMT" duration-ms="20" status="PASS">
          <params>
            <param index="0">
              <value>
                <![CDATA[public void dayForceTests.timeSchedulesAutomation.TimeScheduleTests.testLoadOrganisation() throws java.lang.InterruptedException]]>
              </value>
            </param>
          </params>
          <reporter-output>
          </reporter-output>
        </test-method> <!-- springTestContextAfterTestMethod -->
        <test-method is-config="true" signature="springTestContextBeforeTestMethod(java.lang.reflect.Method)[pri:0, instance:dayForceTests.timeSchedulesAutomation.TimeScheduleTests@6d2d99fc]" started-at="2024-12-17T23:27:03 GMT" name="springTestContextBeforeTestMethod" finished-at="2024-12-17T23:27:03 GMT" duration-ms="1" status="PASS">
          <params>
            <param index="0">
              <value>
                <![CDATA[public void dayForceTests.timeSchedulesAutomation.TimeScheduleTests.verifyDayOfWeekMatchesTitle()]]>
              </value>
            </param>
          </params>
          <reporter-output>
          </reporter-output>
        </test-method> <!-- springTestContextBeforeTestMethod -->
        <test-method is-config="true" signature="setUpOnceForSuite()[pri:0, instance:dayForceTests.timeSchedulesAutomation.TimeScheduleTests@6d2d99fc]" started-at="2024-12-17T23:27:03 GMT" name="setUpOnceForSuite" finished-at="2024-12-17T23:27:03 GMT" duration-ms="3" status="PASS">
          <reporter-output>
          </reporter-output>
        </test-method> <!-- setUpOnceForSuite -->
        <test-method signature="verifyDayOfWeekMatchesTitle()[pri:0, instance:dayForceTests.timeSchedulesAutomation.TimeScheduleTests@6d2d99fc]" started-at="2024-12-17T23:27:03 GMT" name="verifyDayOfWeekMatchesTitle" finished-at="2024-12-17T23:27:06 GMT" duration-ms="2671" status="PASS">
          <reporter-output>
          </reporter-output>
        </test-method> <!-- verifyDayOfWeekMatchesTitle -->
        <test-method is-config="true" signature="springTestContextAfterTestMethod(java.lang.reflect.Method)[pri:0, instance:dayForceTests.timeSchedulesAutomation.TimeScheduleTests@6d2d99fc]" started-at="2024-12-17T23:27:06 GMT" name="springTestContextAfterTestMethod" finished-at="2024-12-17T23:27:06 GMT" duration-ms="2" status="PASS">
          <params>
            <param index="0">
              <value>
                <![CDATA[public void dayForceTests.timeSchedulesAutomation.TimeScheduleTests.verifyDayOfWeekMatchesTitle()]]>
              </value>
            </param>
          </params>
          <reporter-output>
          </reporter-output>
        </test-method> <!-- springTestContextAfterTestMethod -->
        <test-method is-config="true" signature="springTestContextAfterTestClass()[pri:0, instance:dayForceTests.timeSchedulesAutomation.TimeScheduleTests@6d2d99fc]" started-at="2024-12-17T23:27:06 GMT" name="springTestContextAfterTestClass" finished-at="2024-12-17T23:27:06 GMT" duration-ms="1" status="PASS">
          <reporter-output>
          </reporter-output>
        </test-method> <!-- springTestContextAfterTestClass -->
      </class> <!-- dayForceTests.timeSchedulesAutomation.TimeScheduleTests -->
      <class name="dayForceTests.HomePageTests">
        <test-method is-config="true" signature="springTestContextBeforeTestClass()[pri:0, instance:dayForceTests.HomePageTests@71a3a190]" started-at="2024-12-17T23:26:45 GMT" name="springTestContextBeforeTestClass" finished-at="2024-12-17T23:26:45 GMT" duration-ms="1" status="PASS">
          <reporter-output>
          </reporter-output>
        </test-method> <!-- springTestContextBeforeTestClass -->
        <test-method is-config="true" signature="springTestContextPrepareTestInstance()[pri:0, instance:dayForceTests.HomePageTests@71a3a190]" started-at="2024-12-17T23:26:45 GMT" name="springTestContextPrepareTestInstance" finished-at="2024-12-17T23:26:45 GMT" depends-on-methods="org.springframework.test.context.testng.AbstractTestNGSpringContextTests.springTestContextBeforeTestClass" duration-ms="2" status="PASS">
          <reporter-output>
          </reporter-output>
        </test-method> <!-- springTestContextPrepareTestInstance -->
        <test-method is-config="true" signature="springTestContextBeforeTestMethod(java.lang.reflect.Method)[pri:0, instance:dayForceTests.HomePageTests@71a3a190]" started-at="2024-12-17T23:26:45 GMT" name="springTestContextBeforeTestMethod" finished-at="2024-12-17T23:26:45 GMT" duration-ms="2" status="PASS">
          <params>
            <param index="0">
              <value>
                <![CDATA[public void dayForceTests.HomePageTests.testHamburgerToOpenSideMenu()]]>
              </value>
            </param>
          </params>
          <reporter-output>
          </reporter-output>
        </test-method> <!-- springTestContextBeforeTestMethod -->
        <test-method signature="testHamburgerToOpenSideMenu()[pri:0, instance:dayForceTests.HomePageTests@71a3a190]" started-at="2024-12-17T23:26:45 GMT" name="testHamburgerToOpenSideMenu" finished-at="2024-12-17T23:26:45 GMT" duration-ms="193" status="PASS">
          <reporter-output>
          </reporter-output>
        </test-method> <!-- testHamburgerToOpenSideMenu -->
        <test-method is-config="true" signature="setUpOnceForSuite()[pri:0, instance:dayForceTests.HomePageTests@71a3a190]" started-at="2024-12-17T23:26:45 GMT" name="setUpOnceForSuite" finished-at="2024-12-17T23:26:45 GMT" duration-ms="0" status="PASS">
          <reporter-output>
          </reporter-output>
        </test-method> <!-- setUpOnceForSuite -->
        <test-method is-config="true" signature="springTestContextAfterTestMethod(java.lang.reflect.Method)[pri:0, instance:dayForceTests.HomePageTests@71a3a190]" started-at="2024-12-17T23:26:45 GMT" name="springTestContextAfterTestMethod" finished-at="2024-12-17T23:26:45 GMT" duration-ms="5" status="PASS">
          <params>
            <param index="0">
              <value>
                <![CDATA[public void dayForceTests.HomePageTests.testHamburgerToOpenSideMenu()]]>
              </value>
            </param>
          </params>
          <reporter-output>
          </reporter-output>
        </test-method> <!-- springTestContextAfterTestMethod -->
        <test-method is-config="true" signature="springTestContextAfterTestClass()[pri:0, instance:dayForceTests.HomePageTests@71a3a190]" started-at="2024-12-17T23:26:45 GMT" name="springTestContextAfterTestClass" finished-at="2024-12-17T23:26:45 GMT" duration-ms="3" status="PASS">
          <reporter-output>
          </reporter-output>
        </test-method> <!-- springTestContextAfterTestClass -->
      </class> <!-- dayForceTests.HomePageTests -->
      <class name="dayForceTests.LoginPageTests">
        <test-method is-config="true" signature="springTestContextBeforeTestClass()[pri:0, instance:dayForceTests.LoginPageTests@349d0836]" started-at="2024-12-17T23:26:26 GMT" name="springTestContextBeforeTestClass" finished-at="2024-12-17T23:26:26 GMT" duration-ms="5" status="PASS">
          <reporter-output>
          </reporter-output>
        </test-method> <!-- springTestContextBeforeTestClass -->
        <test-method is-config="true" signature="springTestContextPrepareTestInstance()[pri:0, instance:dayForceTests.LoginPageTests@349d0836]" started-at="2024-12-17T23:26:26 GMT" name="springTestContextPrepareTestInstance" finished-at="2024-12-17T23:26:31 GMT" depends-on-methods="org.springframework.test.context.testng.AbstractTestNGSpringContextTests.springTestContextBeforeTestClass" duration-ms="4803" status="PASS">
          <reporter-output>
          </reporter-output>
        </test-method> <!-- springTestContextPrepareTestInstance -->
        <test-method is-config="true" signature="springTestContextBeforeTestMethod(java.lang.reflect.Method)[pri:0, instance:dayForceTests.LoginPageTests@349d0836]" started-at="2024-12-17T23:26:31 GMT" name="springTestContextBeforeTestMethod" finished-at="2024-12-17T23:26:31 GMT" duration-ms="5" status="PASS">
          <params>
            <param index="0">
              <value>
                <![CDATA[public void dayForceTests.LoginPageTests.testAccountLogin(java.lang.String,java.lang.String,java.lang.String)]]>
              </value>
            </param>
          </params>
          <reporter-output>
          </reporter-output>
        </test-method> <!-- springTestContextBeforeTestMethod -->
        <test-method is-config="true" signature="setUpOnceForSuite()[pri:0, instance:dayForceTests.LoginPageTests@349d0836]" started-at="2024-12-17T23:26:31 GMT" name="setUpOnceForSuite" finished-at="2024-12-17T23:26:33 GMT" duration-ms="1784" status="PASS">
          <reporter-output>
          </reporter-output>
        </test-method> <!-- setUpOnceForSuite -->
        <test-method signature="testAccountLogin(java.lang.String,java.lang.String,java.lang.String)[pri:0, instance:dayForceTests.LoginPageTests@349d0836]" started-at="2024-12-17T23:26:33 GMT" name="testAccountLogin" data-provider="loginDataProvider" finished-at="2024-12-17T23:26:37 GMT" duration-ms="4093" status="PASS">
          <params>
            <param index="0">
              <value>
                <![CDATA[totallygroupconfig]]>
              </value>
            </param>
            <param index="1">
              <value>
                <![CDATA[Test]]>
              </value>
            </param>
            <param index="2">
              <value>
                <![CDATA[Dayforce@12]]>
              </value>
            </param>
          </params>
          <reporter-output>
          </reporter-output>
        </test-method> <!-- testAccountLogin -->
        <test-method is-config="true" signature="springTestContextAfterTestMethod(java.lang.reflect.Method)[pri:0, instance:dayForceTests.LoginPageTests@349d0836]" started-at="2024-12-17T23:26:37 GMT" name="springTestContextAfterTestMethod" finished-at="2024-12-17T23:26:37 GMT" duration-ms="3" status="PASS">
          <params>
            <param index="0">
              <value>
                <![CDATA[public void dayForceTests.LoginPageTests.testAccountLogin(java.lang.String,java.lang.String,java.lang.String)]]>
              </value>
            </param>
          </params>
          <reporter-output>
          </reporter-output>
        </test-method> <!-- springTestContextAfterTestMethod -->
        <test-method is-config="true" signature="springTestContextBeforeTestMethod(java.lang.reflect.Method)[pri:0, instance:dayForceTests.LoginPageTests@349d0836]" started-at="2024-12-17T23:26:37 GMT" name="springTestContextBeforeTestMethod" finished-at="2024-12-17T23:26:37 GMT" duration-ms="1" status="PASS">
          <params>
            <param index="0">
              <value>
                <![CDATA[public void dayForceTests.LoginPageTests.testNavigateToHomePage()]]>
              </value>
            </param>
          </params>
          <reporter-output>
          </reporter-output>
        </test-method> <!-- springTestContextBeforeTestMethod -->
        <test-method is-config="true" signature="setUpOnceForSuite()[pri:0, instance:dayForceTests.LoginPageTests@349d0836]" started-at="2024-12-17T23:26:37 GMT" name="setUpOnceForSuite" finished-at="2024-12-17T23:26:37 GMT" duration-ms="0" status="PASS">
          <reporter-output>
          </reporter-output>
        </test-method> <!-- setUpOnceForSuite -->
        <test-method signature="testNavigateToHomePage()[pri:0, instance:dayForceTests.LoginPageTests@349d0836]" started-at="2024-12-17T23:26:37 GMT" name="testNavigateToHomePage" finished-at="2024-12-17T23:26:45 GMT" duration-ms="7753" status="PASS">
          <reporter-output>
          </reporter-output>
        </test-method> <!-- testNavigateToHomePage -->
        <test-method is-config="true" signature="springTestContextAfterTestMethod(java.lang.reflect.Method)[pri:0, instance:dayForceTests.LoginPageTests@349d0836]" started-at="2024-12-17T23:26:45 GMT" name="springTestContextAfterTestMethod" finished-at="2024-12-17T23:26:45 GMT" duration-ms="1" status="PASS">
          <params>
            <param index="0">
              <value>
                <![CDATA[public void dayForceTests.LoginPageTests.testNavigateToHomePage()]]>
              </value>
            </param>
          </params>
          <reporter-output>
          </reporter-output>
        </test-method> <!-- springTestContextAfterTestMethod -->
        <test-method is-config="true" signature="springTestContextAfterTestClass()[pri:0, instance:dayForceTests.LoginPageTests@349d0836]" started-at="2024-12-17T23:26:45 GMT" name="springTestContextAfterTestClass" finished-at="2024-12-17T23:26:45 GMT" duration-ms="2" status="PASS">
          <reporter-output>
          </reporter-output>
        </test-method> <!-- springTestContextAfterTestClass -->
        <test-method is-config="true" signature="tearDownAfterSuite()[pri:0, instance:dayForceTests.LoginPageTests@349d0836]" started-at="2024-12-17T23:27:07 GMT" name="tearDownAfterSuite" finished-at="2024-12-17T23:27:09 GMT" duration-ms="2253" status="PASS">
          <reporter-output>
          </reporter-output>
        </test-method> <!-- tearDownAfterSuite -->
      </class> <!-- dayForceTests.LoginPageTests -->
    </test> <!-- Command line test -->
  </suite> <!-- Command line suite -->
</testng-results>
