<?xml version="1.0" encoding="UTF-8"?>
<testng-results ignored="0" total="5" passed="5" failed="0" skipped="0">
  <reporter-output>
  </reporter-output>
  <suite started-at="2024-11-30T21:03:12 GMT" name="Command line suite" finished-at="2024-11-30T21:04:43 GMT" duration-ms="90078">
    <groups>
    </groups>
    <test started-at="2024-11-30T21:03:12 GMT" name="Command line test" finished-at="2024-11-30T21:04:43 GMT" duration-ms="90078">
      <class name="dayForceTests.timeSchedulesAutomation.TimeScheduleTests">
        <test-method is-config="true" signature="springTestContextBeforeTestClass()[pri:0, instance:dayForceTests.timeSchedulesAutomation.TimeScheduleTests@34a0ef00]" started-at="2024-11-30T21:03:34 GMT" name="springTestContextBeforeTestClass" finished-at="2024-11-30T21:03:34 GMT" duration-ms="2" status="PASS">
          <reporter-output>
          </reporter-output>
        </test-method> <!-- springTestContextBeforeTestClass -->
        <test-method is-config="true" signature="springTestContextPrepareTestInstance()[pri:0, instance:dayForceTests.timeSchedulesAutomation.TimeScheduleTests@34a0ef00]" started-at="2024-11-30T21:03:34 GMT" name="springTestContextPrepareTestInstance" finished-at="2024-11-30T21:03:34 GMT" depends-on-methods="org.springframework.test.context.testng.AbstractTestNGSpringContextTests.springTestContextBeforeTestClass" duration-ms="2" status="PASS">
          <reporter-output>
          </reporter-output>
        </test-method> <!-- springTestContextPrepareTestInstance -->
        <test-method is-config="true" signature="springTestContextBeforeTestMethod(java.lang.reflect.Method)[pri:0, instance:dayForceTests.timeSchedulesAutomation.TimeScheduleTests@34a0ef00]" started-at="2024-11-30T21:03:34 GMT" name="springTestContextBeforeTestMethod" finished-at="2024-11-30T21:03:34 GMT" duration-ms="1" status="PASS">
          <params>
            <param index="0">
              <value>
                <![CDATA[public void dayForceTests.timeSchedulesAutomation.TimeScheduleTests.testLoadOrganisation() throws java.lang.InterruptedException]]>
              </value>
            </param>
          </params>
          <reporter-output>
          </reporter-output>
        </test-method> <!-- springTestContextBeforeTestMethod -->
        <test-method is-config="true" signature="setUpOnceForSuite()[pri:0, instance:dayForceTests.timeSchedulesAutomation.TimeScheduleTests@34a0ef00]" started-at="2024-11-30T21:03:34 GMT" name="setUpOnceForSuite" finished-at="2024-11-30T21:03:34 GMT" duration-ms="1" status="PASS">
          <reporter-output>
          </reporter-output>
        </test-method> <!-- setUpOnceForSuite -->
        <test-method signature="testLoadOrganisation()[pri:0, instance:dayForceTests.timeSchedulesAutomation.TimeScheduleTests@34a0ef00]" started-at="2024-11-30T21:03:34 GMT" name="testLoadOrganisation" finished-at="2024-11-30T21:03:50 GMT" duration-ms="15815" status="PASS">
          <reporter-output>
          </reporter-output>
        </test-method> <!-- testLoadOrganisation -->
        <test-method is-config="true" signature="springTestContextAfterTestMethod(java.lang.reflect.Method)[pri:0, instance:dayForceTests.timeSchedulesAutomation.TimeScheduleTests@34a0ef00]" started-at="2024-11-30T21:03:50 GMT" name="springTestContextAfterTestMethod" finished-at="2024-11-30T21:03:50 GMT" duration-ms="0" status="PASS">
          <params>
            <param index="0">
              <value>
                <![CDATA[public void dayForceTests.timeSchedulesAutomation.TimeScheduleTests.testLoadOrganisation() throws java.lang.InterruptedException]]>
              </value>
            </param>
          </params>
          <reporter-output>
          </reporter-output>
        </test-method> <!-- springTestContextAfterTestMethod -->
        <test-method signature="verifyDayOfWeekMatchesTitle()[pri:0, instance:dayForceTests.timeSchedulesAutomation.TimeScheduleTests@34a0ef00]" started-at="2024-11-30T21:03:50 GMT" name="verifyDayOfWeekMatchesTitle" finished-at="2024-11-30T21:04:43 GMT" duration-ms="52537" status="PASS">
          <reporter-output>
          </reporter-output>
        </test-method> <!-- verifyDayOfWeekMatchesTitle -->
        <test-method is-config="true" signature="setUpOnceForSuite()[pri:0, instance:dayForceTests.timeSchedulesAutomation.TimeScheduleTests@34a0ef00]" started-at="2024-11-30T21:03:50 GMT" name="setUpOnceForSuite" finished-at="2024-11-30T21:03:50 GMT" duration-ms="0" status="PASS">
          <reporter-output>
          </reporter-output>
        </test-method> <!-- setUpOnceForSuite -->
        <test-method is-config="true" signature="springTestContextBeforeTestMethod(java.lang.reflect.Method)[pri:0, instance:dayForceTests.timeSchedulesAutomation.TimeScheduleTests@34a0ef00]" started-at="2024-11-30T21:03:50 GMT" name="springTestContextBeforeTestMethod" finished-at="2024-11-30T21:03:50 GMT" duration-ms="0" status="PASS">
          <params>
            <param index="0">
              <value>
                <![CDATA[public void dayForceTests.timeSchedulesAutomation.TimeScheduleTests.verifyDayOfWeekMatchesTitle()]]>
              </value>
            </param>
          </params>
          <reporter-output>
          </reporter-output>
        </test-method> <!-- springTestContextBeforeTestMethod -->
        <test-method is-config="true" signature="springTestContextAfterTestMethod(java.lang.reflect.Method)[pri:0, instance:dayForceTests.timeSchedulesAutomation.TimeScheduleTests@34a0ef00]" started-at="2024-11-30T21:04:43 GMT" name="springTestContextAfterTestMethod" finished-at="2024-11-30T21:04:43 GMT" duration-ms="1" status="PASS">
          <params>
            <param index="0">
              <value>
                <![CDATA[public void dayForceTests.timeSchedulesAutomation.TimeScheduleTests.verifyDayOfWeekMatchesTitle()]]>
              </value>
            </param>
          </params>
          <reporter-output>
          </reporter-output>
        </test-method> <!-- springTestContextAfterTestMethod -->
        <test-method is-config="true" signature="springTestContextAfterTestClass()[pri:0, instance:dayForceTests.timeSchedulesAutomation.TimeScheduleTests@34a0ef00]" started-at="2024-11-30T21:04:43 GMT" name="springTestContextAfterTestClass" finished-at="2024-11-30T21:04:43 GMT" duration-ms="0" status="PASS">
          <reporter-output>
          </reporter-output>
        </test-method> <!-- springTestContextAfterTestClass -->
      </class> <!-- dayForceTests.timeSchedulesAutomation.TimeScheduleTests -->
      <class name="dayForceTests.HomePageTests">
        <test-method is-config="true" signature="springTestContextBeforeTestClass()[pri:0, instance:dayForceTests.HomePageTests@1f52eb6f]" started-at="2024-11-30T21:03:34 GMT" name="springTestContextBeforeTestClass" finished-at="2024-11-30T21:03:34 GMT" duration-ms="1" status="PASS">
          <reporter-output>
          </reporter-output>
        </test-method> <!-- springTestContextBeforeTestClass -->
        <test-method is-config="true" signature="springTestContextPrepareTestInstance()[pri:0, instance:dayForceTests.HomePageTests@1f52eb6f]" started-at="2024-11-30T21:03:34 GMT" name="springTestContextPrepareTestInstance" finished-at="2024-11-30T21:03:34 GMT" depends-on-methods="org.springframework.test.context.testng.AbstractTestNGSpringContextTests.springTestContextBeforeTestClass" duration-ms="2" status="PASS">
          <reporter-output>
          </reporter-output>
        </test-method> <!-- springTestContextPrepareTestInstance -->
        <test-method is-config="true" signature="springTestContextBeforeTestMethod(java.lang.reflect.Method)[pri:0, instance:dayForceTests.HomePageTests@1f52eb6f]" started-at="2024-11-30T21:03:34 GMT" name="springTestContextBeforeTestMethod" finished-at="2024-11-30T21:03:34 GMT" duration-ms="1" status="PASS">
          <params>
            <param index="0">
              <value>
                <![CDATA[public void dayForceTests.HomePageTests.testHamburgerToOpenSideMenu()]]>
              </value>
            </param>
          </params>
          <reporter-output>
          </reporter-output>
        </test-method> <!-- springTestContextBeforeTestMethod -->
        <test-method is-config="true" signature="setUpOnceForSuite()[pri:0, instance:dayForceTests.HomePageTests@1f52eb6f]" started-at="2024-11-30T21:03:34 GMT" name="setUpOnceForSuite" finished-at="2024-11-30T21:03:34 GMT" duration-ms="0" status="PASS">
          <reporter-output>
          </reporter-output>
        </test-method> <!-- setUpOnceForSuite -->
        <test-method signature="testHamburgerToOpenSideMenu()[pri:0, instance:dayForceTests.HomePageTests@1f52eb6f]" started-at="2024-11-30T21:03:34 GMT" name="testHamburgerToOpenSideMenu" finished-at="2024-11-30T21:03:34 GMT" duration-ms="229" status="PASS">
          <reporter-output>
          </reporter-output>
        </test-method> <!-- testHamburgerToOpenSideMenu -->
        <test-method is-config="true" signature="springTestContextAfterTestMethod(java.lang.reflect.Method)[pri:0, instance:dayForceTests.HomePageTests@1f52eb6f]" started-at="2024-11-30T21:03:34 GMT" name="springTestContextAfterTestMethod" finished-at="2024-11-30T21:03:34 GMT" duration-ms="1" status="PASS">
          <params>
            <param index="0">
              <value>
                <![CDATA[public void dayForceTests.HomePageTests.testHamburgerToOpenSideMenu()]]>
              </value>
            </param>
          </params>
          <reporter-output>
          </reporter-output>
        </test-method> <!-- springTestContextAfterTestMethod -->
        <test-method is-config="true" signature="springTestContextAfterTestClass()[pri:0, instance:dayForceTests.HomePageTests@1f52eb6f]" started-at="2024-11-30T21:03:34 GMT" name="springTestContextAfterTestClass" finished-at="2024-11-30T21:03:34 GMT" duration-ms="0" status="PASS">
          <reporter-output>
          </reporter-output>
        </test-method> <!-- springTestContextAfterTestClass -->
      </class> <!-- dayForceTests.HomePageTests -->
      <class name="dayForceTests.LoginPageTests">
        <test-method is-config="true" signature="springTestContextBeforeTestClass()[pri:0, instance:dayForceTests.LoginPageTests@4e2916c3]" started-at="2024-11-30T21:03:12 GMT" name="springTestContextBeforeTestClass" finished-at="2024-11-30T21:03:12 GMT" duration-ms="4" status="PASS">
          <reporter-output>
          </reporter-output>
        </test-method> <!-- springTestContextBeforeTestClass -->
        <test-method is-config="true" signature="springTestContextPrepareTestInstance()[pri:0, instance:dayForceTests.LoginPageTests@4e2916c3]" started-at="2024-11-30T21:03:12 GMT" name="springTestContextPrepareTestInstance" finished-at="2024-11-30T21:03:16 GMT" depends-on-methods="org.springframework.test.context.testng.AbstractTestNGSpringContextTests.springTestContextBeforeTestClass" duration-ms="3248" status="PASS">
          <reporter-output>
          </reporter-output>
        </test-method> <!-- springTestContextPrepareTestInstance -->
        <test-method is-config="true" signature="springTestContextBeforeTestMethod(java.lang.reflect.Method)[pri:0, instance:dayForceTests.LoginPageTests@4e2916c3]" started-at="2024-11-30T21:03:16 GMT" name="springTestContextBeforeTestMethod" finished-at="2024-11-30T21:03:16 GMT" duration-ms="6" status="PASS">
          <params>
            <param index="0">
              <value>
                <![CDATA[public void dayForceTests.LoginPageTests.testAccountLogin(java.lang.String,java.lang.String,java.lang.String)]]>
              </value>
            </param>
          </params>
          <reporter-output>
          </reporter-output>
        </test-method> <!-- springTestContextBeforeTestMethod -->
        <test-method is-config="true" signature="setUpOnceForSuite()[pri:0, instance:dayForceTests.LoginPageTests@4e2916c3]" started-at="2024-11-30T21:03:16 GMT" name="setUpOnceForSuite" finished-at="2024-11-30T21:03:18 GMT" duration-ms="1834" status="PASS">
          <reporter-output>
          </reporter-output>
        </test-method> <!-- setUpOnceForSuite -->
        <test-method signature="testAccountLogin(java.lang.String,java.lang.String,java.lang.String)[pri:0, instance:dayForceTests.LoginPageTests@4e2916c3]" started-at="2024-11-30T21:03:18 GMT" name="testAccountLogin" data-provider="loginDataProvider" finished-at="2024-11-30T21:03:24 GMT" duration-ms="6588" status="PASS">
          <params>
            <param index="0">
              <value>
                <![CDATA[totallygroupconfig]]>
              </value>
            </param>
            <param index="1">
              <value>
                <![CDATA[Test]]>
              </value>
            </param>
            <param index="2">
              <value>
                <![CDATA[Dayforce2]]>
              </value>
            </param>
          </params>
          <reporter-output>
          </reporter-output>
        </test-method> <!-- testAccountLogin -->
        <test-method is-config="true" signature="springTestContextAfterTestMethod(java.lang.reflect.Method)[pri:0, instance:dayForceTests.LoginPageTests@4e2916c3]" started-at="2024-11-30T21:03:24 GMT" name="springTestContextAfterTestMethod" finished-at="2024-11-30T21:03:24 GMT" duration-ms="4" status="PASS">
          <params>
            <param index="0">
              <value>
                <![CDATA[public void dayForceTests.LoginPageTests.testAccountLogin(java.lang.String,java.lang.String,java.lang.String)]]>
              </value>
            </param>
          </params>
          <reporter-output>
          </reporter-output>
        </test-method> <!-- springTestContextAfterTestMethod -->
        <test-method is-config="true" signature="springTestContextBeforeTestMethod(java.lang.reflect.Method)[pri:0, instance:dayForceTests.LoginPageTests@4e2916c3]" started-at="2024-11-30T21:03:24 GMT" name="springTestContextBeforeTestMethod" finished-at="2024-11-30T21:03:24 GMT" duration-ms="1" status="PASS">
          <params>
            <param index="0">
              <value>
                <![CDATA[public void dayForceTests.LoginPageTests.testNavigateToHomePage()]]>
              </value>
            </param>
          </params>
          <reporter-output>
          </reporter-output>
        </test-method> <!-- springTestContextBeforeTestMethod -->
        <test-method signature="testNavigateToHomePage()[pri:0, instance:dayForceTests.LoginPageTests@4e2916c3]" started-at="2024-11-30T21:03:24 GMT" name="testNavigateToHomePage" finished-at="2024-11-30T21:03:34 GMT" duration-ms="9766" status="PASS">
          <reporter-output>
          </reporter-output>
        </test-method> <!-- testNavigateToHomePage -->
        <test-method is-config="true" signature="setUpOnceForSuite()[pri:0, instance:dayForceTests.LoginPageTests@4e2916c3]" started-at="2024-11-30T21:03:24 GMT" name="setUpOnceForSuite" finished-at="2024-11-30T21:03:24 GMT" duration-ms="0" status="PASS">
          <reporter-output>
          </reporter-output>
        </test-method> <!-- setUpOnceForSuite -->
        <test-method is-config="true" signature="springTestContextAfterTestMethod(java.lang.reflect.Method)[pri:0, instance:dayForceTests.LoginPageTests@4e2916c3]" started-at="2024-11-30T21:03:34 GMT" name="springTestContextAfterTestMethod" finished-at="2024-11-30T21:03:34 GMT" duration-ms="1" status="PASS">
          <params>
            <param index="0">
              <value>
                <![CDATA[public void dayForceTests.LoginPageTests.testNavigateToHomePage()]]>
              </value>
            </param>
          </params>
          <reporter-output>
          </reporter-output>
        </test-method> <!-- springTestContextAfterTestMethod -->
        <test-method is-config="true" signature="springTestContextAfterTestClass()[pri:0, instance:dayForceTests.LoginPageTests@4e2916c3]" started-at="2024-11-30T21:03:34 GMT" name="springTestContextAfterTestClass" finished-at="2024-11-30T21:03:34 GMT" duration-ms="4" status="PASS">
          <reporter-output>
          </reporter-output>
        </test-method> <!-- springTestContextAfterTestClass -->
        <test-method is-config="true" signature="tearDownAfterSuite()[pri:0, instance:dayForceTests.LoginPageTests@4e2916c3]" started-at="2024-11-30T21:04:43 GMT" name="tearDownAfterSuite" finished-at="2024-11-30T21:04:43 GMT" duration-ms="267" status="PASS">
          <reporter-output>
          </reporter-output>
        </test-method> <!-- tearDownAfterSuite -->
      </class> <!-- dayForceTests.LoginPageTests -->
    </test> <!-- Command line test -->
  </suite> <!-- Command line suite -->
</testng-results>
